  BrentonThoams_Lab2.cpp
C:\Users\tidek\Documents\__FullSail\Work\__PutOnGit\BrentonThomas_lab2\ClassUtilities\RasterSurface.cpp(110,29): warning C4838: conversion from 'unsigned int' to 'LONG' requires a narrowing conversion
C:\Users\tidek\Documents\__FullSail\Work\__PutOnGit\BrentonThomas_lab2\ClassUtilities\RasterSurface.cpp(110,37): warning C4838: conversion from 'unsigned int' to 'LONG' requires a narrowing conversion
C:\Users\tidek\Documents\__FullSail\Work\__PutOnGit\BrentonThomas_lab2\BrentonThomas_lab2\Cube.h(68,19): warning C4244: '=': conversion from 'double' to 'float', possible loss of data
C:\Users\tidek\Documents\__FullSail\Work\__PutOnGit\BrentonThomas_lab2\BrentonThomas_lab2\Cube.h(69,16): warning C4244: '=': conversion from 'double' to 'float', possible loss of data
C:\Users\tidek\Documents\__FullSail\Work\__PutOnGit\BrentonThomas_lab2\BrentonThomas_lab2\Cube.h(70,19): warning C4244: '=': conversion from 'double' to 'float', possible loss of data
C:\Users\tidek\Documents\__FullSail\Work\__PutOnGit\BrentonThomas_lab2\BrentonThomas_lab2\Cube.h(71,19): warning C4244: '=': conversion from 'double' to 'float', possible loss of data
C:\Users\tidek\Documents\__FullSail\Work\__PutOnGit\BrentonThomas_lab2\BrentonThomas_lab2\Cube.h(77,19): warning C4244: '=': conversion from 'double' to 'float', possible loss of data
C:\Users\tidek\Documents\__FullSail\Work\__PutOnGit\BrentonThomas_lab2\BrentonThomas_lab2\Cube.h(78,19): warning C4244: '=': conversion from 'double' to 'float', possible loss of data
C:\Users\tidek\Documents\__FullSail\Work\__PutOnGit\BrentonThomas_lab2\BrentonThomas_lab2\Cube.h(79,16): warning C4244: '=': conversion from 'double' to 'float', possible loss of data
C:\Users\tidek\Documents\__FullSail\Work\__PutOnGit\BrentonThomas_lab2\BrentonThomas_lab2\Cube.h(80,19): warning C4244: '=': conversion from 'double' to 'float', possible loss of data
C:\Users\tidek\Documents\__FullSail\Work\__PutOnGit\BrentonThomas_lab2\BrentonThomas_lab2\Cube.h(86,19): warning C4244: '=': conversion from 'double' to 'float', possible loss of data
C:\Users\tidek\Documents\__FullSail\Work\__PutOnGit\BrentonThomas_lab2\BrentonThomas_lab2\Cube.h(87,16): warning C4244: '=': conversion from 'double' to 'float', possible loss of data
C:\Users\tidek\Documents\__FullSail\Work\__PutOnGit\BrentonThomas_lab2\BrentonThomas_lab2\Cube.h(88,19): warning C4244: '=': conversion from 'double' to 'float', possible loss of data
C:\Users\tidek\Documents\__FullSail\Work\__PutOnGit\BrentonThomas_lab2\BrentonThomas_lab2\Cube.h(89,19): warning C4244: '=': conversion from 'double' to 'float', possible loss of data
C:\Users\tidek\Documents\__FullSail\Work\__PutOnGit\BrentonThomas_lab2\BrentonThomas_lab2\Grid.h(70,19): warning C4244: '=': conversion from 'double' to 'float', possible loss of data
C:\Users\tidek\Documents\__FullSail\Work\__PutOnGit\BrentonThomas_lab2\BrentonThomas_lab2\Grid.h(71,16): warning C4244: '=': conversion from 'double' to 'float', possible loss of data
C:\Users\tidek\Documents\__FullSail\Work\__PutOnGit\BrentonThomas_lab2\BrentonThomas_lab2\Grid.h(72,19): warning C4244: '=': conversion from 'double' to 'float', possible loss of data
C:\Users\tidek\Documents\__FullSail\Work\__PutOnGit\BrentonThomas_lab2\BrentonThomas_lab2\Grid.h(73,19): warning C4244: '=': conversion from 'double' to 'float', possible loss of data
C:\Users\tidek\Documents\__FullSail\Work\__PutOnGit\BrentonThomas_lab2\BrentonThomas_lab2\Grid.h(79,19): warning C4244: '=': conversion from 'double' to 'float', possible loss of data
C:\Users\tidek\Documents\__FullSail\Work\__PutOnGit\BrentonThomas_lab2\BrentonThomas_lab2\Grid.h(80,19): warning C4244: '=': conversion from 'double' to 'float', possible loss of data
C:\Users\tidek\Documents\__FullSail\Work\__PutOnGit\BrentonThomas_lab2\BrentonThomas_lab2\Grid.h(81,16): warning C4244: '=': conversion from 'double' to 'float', possible loss of data
C:\Users\tidek\Documents\__FullSail\Work\__PutOnGit\BrentonThomas_lab2\BrentonThomas_lab2\Grid.h(82,19): warning C4244: '=': conversion from 'double' to 'float', possible loss of data
C:\Users\tidek\Documents\__FullSail\Work\__PutOnGit\BrentonThomas_lab2\BrentonThomas_lab2\Grid.h(88,19): warning C4244: '=': conversion from 'double' to 'float', possible loss of data
C:\Users\tidek\Documents\__FullSail\Work\__PutOnGit\BrentonThomas_lab2\BrentonThomas_lab2\Grid.h(89,16): warning C4244: '=': conversion from 'double' to 'float', possible loss of data
C:\Users\tidek\Documents\__FullSail\Work\__PutOnGit\BrentonThomas_lab2\BrentonThomas_lab2\Grid.h(90,19): warning C4244: '=': conversion from 'double' to 'float', possible loss of data
C:\Users\tidek\Documents\__FullSail\Work\__PutOnGit\BrentonThomas_lab2\BrentonThomas_lab2\Grid.h(91,19): warning C4244: '=': conversion from 'double' to 'float', possible loss of data
C:\Users\tidek\Documents\__FullSail\Work\__PutOnGit\BrentonThomas_lab2\BrentonThomas_lab2\Grid.h(147,1): warning C4305: 'initializing': truncation from 'double' to 'float'
C:\Users\tidek\Documents\__FullSail\Work\__PutOnGit\BrentonThomas_lab2\BrentonThomas_lab2\View.h(18,19): warning C4244: '=': conversion from 'double' to 'float', possible loss of data
C:\Users\tidek\Documents\__FullSail\Work\__PutOnGit\BrentonThomas_lab2\BrentonThomas_lab2\View.h(19,16): warning C4244: '=': conversion from 'double' to 'float', possible loss of data
C:\Users\tidek\Documents\__FullSail\Work\__PutOnGit\BrentonThomas_lab2\BrentonThomas_lab2\View.h(20,19): warning C4244: '=': conversion from 'double' to 'float', possible loss of data
C:\Users\tidek\Documents\__FullSail\Work\__PutOnGit\BrentonThomas_lab2\BrentonThomas_lab2\View.h(21,19): warning C4244: '=': conversion from 'double' to 'float', possible loss of data
C:\Users\tidek\Documents\__FullSail\Work\__PutOnGit\BrentonThomas_lab2\BrentonThomas_lab2\View.h(48,19): warning C4244: '=': conversion from 'double' to 'float', possible loss of data
C:\Users\tidek\Documents\__FullSail\Work\__PutOnGit\BrentonThomas_lab2\BrentonThomas_lab2\BrentonThoams_Lab2.cpp(53,57): warning C4305: 'argument': truncation from 'double' to 'float'
C:\Users\tidek\Documents\__FullSail\Work\__PutOnGit\BrentonThomas_lab2\BrentonThomas_lab2\BrentonThoams_Lab2.cpp(166,36): warning C4244: 'argument': conversion from 'float' to 'int', possible loss of data
C:\Users\tidek\Documents\__FullSail\Work\__PutOnGit\BrentonThomas_lab2\BrentonThomas_lab2\BrentonThoams_Lab2.cpp(166,30): warning C4244: 'argument': conversion from 'float' to 'int', possible loss of data
  BrentonThomas_lab2.vcxproj -> C:\Users\tidek\Documents\__FullSail\Work\__PutOnGit\BrentonThomas_lab2\Debug\BrentonThomas_lab2.exe
